<?xml version="1.0" encoding="UTF-8"?>
<!-- Generated by org.testng.reporters.JUnitReportReporter -->
<testsuite skipped="0" hostname="md1ta5bc" name="com.netBankingSample.testCases.TC_LoginTest_001" tests="1" failures="0" timestamp="2020-08-02T17:34:26 IST" time="2.405" errors="0">
  <testcase name="loginTest" time="2.405" classname="com.netBankingSample.testCases.TC_LoginTest_001"/>
  <system-out/>
</testsuite> <!-- com.netBankingSample.testCases.TC_LoginTest_001 -->
