<?xml version="1.0" encoding="UTF-8"?>
<!-- Generated by org.testng.reporters.JUnitReportReporter -->
<testsuite skipped="0" hostname="md1ta5bc" name="com.netBankingSample.testCases.TC_AddCustomerTest_003" tests="1" failures="0" timestamp="2020-08-02T18:04:05 IST" time="25.898" errors="0">
  <testcase name="addNewCustomer" time="25.898" classname="com.netBankingSample.testCases.TC_AddCustomerTest_003"/>
  <system-out/>
</testsuite> <!-- com.netBankingSample.testCases.TC_AddCustomerTest_003 -->
